This is pdfTeX, Version 3.14159265-2.6-1.40.20 (MiKTeX 2.9.7000 64-bit) (preloaded format=pdflatex 2019.4.9)  9 APR 2019 21:49
entering extended mode
**./listings.inc.tex
(listings.inc.tex
LaTeX2e <2018-12-01>

! LaTeX Error: \usepackage before \documentclass.

See the LaTeX manual or LaTeX Companion for explanation.
Type  H <return>  for immediate help.
 ...                                              
                                                  
l.3 \usepackage{
                listings} 
Here is how much of TeX's memory you used:
 8 strings out of 492946
 358 string characters out of 3125060
 57087 words of memory out of 3000000
 4005 multiletter control sequences out of 15000+200000
 3640 words of font info for 14 fonts, out of 3000000 for 9000
 1141 hyphenation exceptions out of 8191
 5i,0n,5p,43b,14s stack positions out of 5000i,500n,10000p,200000b,50000s

!  ==> Fatal error occurred, no output PDF file produced!
